<?xml version="1.0" encoding="UTF-8"?>
<testng-results ignored="0" total="1" passed="1" failed="0" skipped="0">
  <reporter-output>
  </reporter-output>
  <suite started-at="2024-10-29T01:44:22 IST" name="Default suite" finished-at="2024-10-29T01:44:56 IST" duration-ms="34194">
    <groups>
    </groups>
    <test started-at="2024-10-29T01:44:22 IST" name="Default test" finished-at="2024-10-29T01:44:56 IST" duration-ms="34194">
      <class name="execution.TestRun">
        <test-method is-config="true" signature="launchBrowser()[pri:0, instance:execution.TestRun@6f15d60e]" started-at="2024-10-29T01:44:22 IST" name="launchBrowser" finished-at="2024-10-29T01:44:26 IST" duration-ms="3701" status="PASS">
          <reporter-output>
          </reporter-output>
        </test-method> <!-- launchBrowser -->
        <test-method signature="login()[pri:0, instance:execution.TestRun@6f15d60e]" started-at="2024-10-29T01:44:26 IST" name="login" finished-at="2024-10-29T01:44:55 IST" duration-ms="29477" status="PASS">
          <reporter-output>
          </reporter-output>
        </test-method> <!-- login -->
        <test-method is-config="true" signature="CloseBrowser()[pri:0, instance:execution.TestRun@6f15d60e]" started-at="2024-10-29T01:44:55 IST" name="CloseBrowser" finished-at="2024-10-29T01:44:56 IST" duration-ms="947" status="PASS">
          <reporter-output>
          </reporter-output>
        </test-method> <!-- CloseBrowser -->
      </class> <!-- execution.TestRun -->
    </test> <!-- Default test -->
  </suite> <!-- Default suite -->
</testng-results>
