<?xml version="1.0" encoding="UTF-8"?>
<!-- Generated by org.testng.reporters.JUnitXMLReporter -->
<testsuite ignored="0" hostname="LAPTOP-I2HEPINJ" failures="1" tests="3" name="edgeTest" time="10.762" errors="0" timestamp="2024-10-26T11:42:24 IST">
  <testcase classname="execution.TestRun" name="login" time="2.577">
    <skipped/>
  </testcase> <!-- login -->
  <testcase classname="execution.TestRun" name="login" time="0.118">
    <skipped/>
  </testcase> <!-- login -->
  <testcase classname="execution.TestRun" name="login" time="0.025">
    <failure type="org.openqa.selenium.NoSuchWindowException" message="no such window: target window already closed
from unknown error: web view not found
  (Session info: MicrosoftEdge=129.0.2792.89)
Build info: version: &amp;apos;4.25.0&amp;apos;, revision: &amp;apos;8a8aea2337&amp;apos;
System info: os.name: &amp;apos;Windows 11&amp;apos;, os.arch: &amp;apos;amd64&amp;apos;, os.version: &amp;apos;10.0&amp;apos;, java.version: &amp;apos;11.0.23&amp;apos;
Driver info: org.openqa.selenium.edge.EdgeDriver
Command: [0e363e8bb7d3cdd346367b19e07d5202, get {url=https://demoqa.com/automation-practice-form}]
Capabilities {acceptInsecureCerts: false, browserName: MicrosoftEdge, browserVersion: 129.0.2792.89, fedcm:accounts: true, ms:edgeOptions: {debuggerAddress: localhost:49788}, msedge: {msedgedriverVersion: 129.0.2792.89 (65986ec8d2a8..., userDataDir: C:\Users\ASUS\AppData\Local...}, networkConnectionEnabled: false, pageLoadStrategy: normal, platformName: windows, proxy: Proxy(), se:cdp: ws://localhost:49788/devtoo..., se:cdpVersion: 129.0.2792.89, setWindowRect: true, strictFileInteractability: false, timeouts: {implicit: 0, pageLoad: 300000, script: 30000}, unhandledPromptBehavior: dismiss and notify, webauthn:extension:credBlob: true, webauthn:extension:largeBlob: true, webauthn:extension:minPinLength: true, webauthn:extension:prf: true, webauthn:virtualAuthenticators: true}
Session ID: 0e363e8bb7d3cdd346367b19e07d5202">
      <![CDATA[org.openqa.selenium.NoSuchWindowException: no such window: target window already closed
from unknown error: web view not found
  (Session info: MicrosoftEdge=129.0.2792.89)
Build info: version: '4.25.0', revision: '8a8aea2337'
System info: os.name: 'Windows 11', os.arch: 'amd64', os.version: '10.0', java.version: '11.0.23'
Driver info: org.openqa.selenium.edge.EdgeDriver
Command: [0e363e8bb7d3cdd346367b19e07d5202, get {url=https://demoqa.com/automation-practice-form}]
Capabilities {acceptInsecureCerts: false, browserName: MicrosoftEdge, browserVersion: 129.0.2792.89, fedcm:accounts: true, ms:edgeOptions: {debuggerAddress: localhost:49788}, msedge: {msedgedriverVersion: 129.0.2792.89 (65986ec8d2a8..., userDataDir: C:\Users\ASUS\AppData\Local...}, networkConnectionEnabled: false, pageLoadStrategy: normal, platformName: windows, proxy: Proxy(), se:cdp: ws://localhost:49788/devtoo..., se:cdpVersion: 129.0.2792.89, setWindowRect: true, strictFileInteractability: false, timeouts: {implicit: 0, pageLoad: 300000, script: 30000}, unhandledPromptBehavior: dismiss and notify, webauthn:extension:credBlob: true, webauthn:extension:largeBlob: true, webauthn:extension:minPinLength: true, webauthn:extension:prf: true, webauthn:virtualAuthenticators: true}
Session ID: 0e363e8bb7d3cdd346367b19e07d5202
at org.openqa.selenium.remote.ErrorCodec.decode(ErrorCodec.java:167)
at org.openqa.selenium.remote.codec.w3c.W3CHttpResponseCodec.decode(W3CHttpResponseCodec.java:138)
at org.openqa.selenium.remote.codec.w3c.W3CHttpResponseCodec.decode(W3CHttpResponseCodec.java:50)
at org.openqa.selenium.remote.HttpCommandExecutor.execute(HttpCommandExecutor.java:190)
at org.openqa.selenium.remote.service.DriverCommandExecutor.invokeExecute(DriverCommandExecutor.java:216)
at org.openqa.selenium.remote.service.DriverCommandExecutor.execute(DriverCommandExecutor.java:174)
at org.openqa.selenium.remote.RemoteWebDriver.execute(RemoteWebDriver.java:545)
at org.openqa.selenium.remote.RemoteWebDriver.get(RemoteWebDriver.java:313)
at execution.TestRun.login(TestRun.java:29)
at java.base/java.util.ArrayList.forEach(ArrayList.java:1541)
at java.base/java.util.concurrent.FutureTask.run(FutureTask.java:264)
at java.base/java.util.concurrent.ThreadPoolExecutor.runWorker(ThreadPoolExecutor.java:1128)
at java.base/java.util.concurrent.ThreadPoolExecutor$Worker.run(ThreadPoolExecutor.java:628)
at java.base/java.lang.Thread.run(Thread.java:834)
... Removed 21 stack frames]]>
    </failure>
  </testcase> <!-- login -->
</testsuite> <!-- edgeTest -->
