<?xml version="1.0" encoding="UTF-8"?>
<!-- Generated by org.testng.reporters.JUnitXMLReporter -->
<testsuite ignored="2" hostname="LP-TZD-0X118172" failures="1" tests="5" name="Test1" time="38.769" errors="0" timestamp="2024-10-29T02:33:02 IST">
  <testcase classname="execution.TestRunElementsAdd" name="verifyRecord" time="0.002"/>
  <testcase classname="execution.TestRunElementsAdd" name="addElement" time="0.003">
    <skipped/>
  </testcase> <!-- addElement -->
  <testcase classname="execution.TestRunElementsAdd" name="addElement" time="0.003">
    <skipped/>
  </testcase> <!-- addElement -->
  <testcase classname="execution.TestRunElementsAdd" name="addElement" time="0.002">
    <failure type="java.lang.NullPointerException">
      <![CDATA[java.lang.NullPointerException
at execution.TestRunElementsAdd.addElement(TestRunElementsAdd.java:26)
at java.base/java.util.concurrent.Executors$RunnableAdapter.call(Executors.java:515)
at java.base/java.util.concurrent.FutureTask.run(FutureTask.java:264)
at java.base/java.util.concurrent.ThreadPoolExecutor.runWorker(ThreadPoolExecutor.java:1128)
at java.base/java.util.concurrent.ThreadPoolExecutor$Worker.run(ThreadPoolExecutor.java:628)
at java.base/java.lang.Thread.run(Thread.java:834)
... Removed 13 stack frames]]>
    </failure>
  </testcase> <!-- addElement -->
  <testcase classname="execution.TestRunHomePage" name="login" time="32.384"/>
  <testcase classname="utility.BaseClassParameters" name="@AfterTest CloseBrowser" time="0.0">
    <ignored/>
  </testcase> <!-- @AfterTest CloseBrowser -->
  <testcase classname="utility.BaseClassParameters" name="@BeforeTest launchBrowser" time="0.0">
    <ignored/>
  </testcase> <!-- @BeforeTest launchBrowser -->
</testsuite> <!-- Test1 -->
