<?xml version="1.0" encoding="UTF-8"?>
<testng-results ignored="0" total="1" passed="1" failed="0" skipped="0">
  <reporter-output>
  </reporter-output>
  <suite started-at="2024-10-26T11:52:22 IST" name="Default suite" finished-at="2024-10-26T11:52:45 IST" duration-ms="22827">
    <groups>
    </groups>
    <test started-at="2024-10-26T11:52:22 IST" name="Default test" finished-at="2024-10-26T11:52:45 IST" duration-ms="22827">
      <class name="realDevice.RD_CalculatorTest">
        <test-method is-config="true" signature="setup()[pri:0, instance:realDevice.RD_CalculatorTest@2f8dad04]" started-at="2024-10-26T11:52:22 IST" name="setup" finished-at="2024-10-26T11:52:45 IST" duration-ms="22763" status="PASS">
          <reporter-output>
          </reporter-output>
        </test-method> <!-- setup -->
        <test-method signature="verifyAddTest()[pri:0, instance:realDevice.RD_CalculatorTest@2f8dad04]" started-at="2024-10-26T11:52:45 IST" name="verifyAddTest" finished-at="2024-10-26T11:52:45 IST" duration-ms="15" status="PASS">
          <reporter-output>
          </reporter-output>
        </test-method> <!-- verifyAddTest -->
        <test-method is-config="true" signature="teardown()[pri:0, instance:realDevice.RD_CalculatorTest@2f8dad04]" started-at="2024-10-26T11:52:45 IST" name="teardown" finished-at="2024-10-26T11:52:45 IST" duration-ms="1" status="PASS">
          <reporter-output>
          </reporter-output>
        </test-method> <!-- teardown -->
      </class> <!-- realDevice.RD_CalculatorTest -->
    </test> <!-- Default test -->
  </suite> <!-- Default suite -->
</testng-results>
